# JRE version: Java(TM) SE Runtime Environment (17.0.1+12) (build 17.0.1+12-LTS-39)
# Java VM: Java HotSpot(TM) 64-Bit Server VM (17.0.1+12-LTS-39, mixed mode, emulated-client, sharing, tiered, compressed oops, compressed class ptrs, g1 gc, windows-amd64)
GC Precious Log:
 CPUs: 8 total, 8 available
 Memory: 16187M
 Large Page Support: Disabled
 NUMA Support: Disabled
 Compressed Oops: Enabled (Zero based)
 Heap Region Size: 2M
 Heap Min Capacity: 8M
 Heap Initial Capacity: 254M
 Heap Max Capacity: 4048M
 Pre-touch: Disabled
 Parallel Workers: 8
 Concurrent Workers: 2
 Concurrent Refinement Workers: 8
 Periodic GC: Disabled
Heap:
 garbage-first heap   total 75776K, used 23825K [0x0000000703000000, 0x0000000800000000)
  region size 2048K, 1 young (2048K), 1 survivors (2048K)
 Metaspace       used 50874K, committed 51264K, reserved 1097728K
  class space    used 7309K, committed 7488K, reserved 1048576K
GC Heap History (20 events):
Event: 1.260 GC heap after
{Heap after GC invocations=2 (full 0):
 garbage-first heap   total 260096K, used 9056K [0x0000000703000000, 0x0000000800000000)
  region size 2048K, 1 young (2048K), 1 survivors (2048K)
 Metaspace       used 10675K, committed 10944K, reserved 1064960K
  class space    used 1476K, committed 1600K, reserved 1048576K
}
Event: 2.043 GC heap before
{Heap before GC invocations=2 (full 0):
 garbage-first heap   total 260096K, used 68448K [0x0000000703000000, 0x0000000800000000)
  region size 2048K, 31 young (63488K), 1 survivors (2048K)
 Metaspace       used 18999K, committed 19200K, reserved 1073152K
  class space    used 2596K, committed 2688K, reserved 1048576K
}
Event: 2.049 GC heap after
{Heap after GC invocations=3 (full 0):
 garbage-first heap   total 260096K, used 11440K [0x0000000703000000, 0x0000000800000000)
  region size 2048K, 3 young (6144K), 3 survivors (6144K)
 Metaspace       used 18999K, committed 19200K, reserved 1073152K
  class space    used 2596K, committed 2688K, reserved 1048576K
}
Event: 2.409 GC heap before
{Heap before GC invocations=3 (full 0):
 garbage-first heap   total 260096K, used 44208K [0x0000000703000000, 0x0000000800000000)
  region size 2048K, 21 young (43008K), 3 survivors (6144K)
 Metaspace       used 21203K, committed 21504K, reserved 1073152K
  class space    used 2928K, committed 3072K, reserved 1048576K
}
Event: 2.413 GC heap after
{Heap after GC invocations=4 (full 0):
 garbage-first heap   total 260096K, used 12657K [0x0000000703000000, 0x0000000800000000)
  region size 2048K, 3 young (6144K), 3 survivors (6144K)
 Metaspace       used 21203K, committed 21504K, reserved 1073152K
  class space    used 2928K, committed 3072K, reserved 1048576K
}
Event: 2.928 GC heap before
{Heap before GC invocations=5 (full 0):
 garbage-first heap   total 55296K, used 39281K [0x0000000703000000, 0x0000000800000000)
  region size 2048K, 16 young (32768K), 3 survivors (6144K)
 Metaspace       used 23801K, committed 24128K, reserved 1073152K
  class space    used 3350K, committed 3456K, reserved 1048576K
}
Event: 2.936 GC heap after
{Heap after GC invocations=6 (full 0):
 garbage-first heap   total 55296K, used 14059K [0x0000000703000000, 0x0000000800000000)
  region size 2048K, 2 young (4096K), 2 survivors (4096K)
 Metaspace       used 23801K, committed 24128K, reserved 1073152K
  class space    used 3350K, committed 3456K, reserved 1048576K
}
Event: 2.977 GC heap before
{Heap before GC invocations=6 (full 0):
 garbage-first heap   total 55296K, used 16107K [0x0000000703000000, 0x0000000800000000)
  region size 2048K, 3 young (6144K), 2 survivors (4096K)
 Metaspace       used 24100K, committed 24384K, reserved 1073152K
  class space    used 3402K, committed 3520K, reserved 1048576K
}
Event: 2.984 GC heap after
{Heap after GC invocations=7 (full 0):
 garbage-first heap   total 55296K, used 14368K [0x0000000703000000, 0x0000000800000000)
  region size 2048K, 1 young (2048K), 1 survivors (2048K)
 Metaspace       used 24100K, committed 24384K, reserved 1073152K
  class space    used 3402K, committed 3520K, reserved 1048576K
}
Event: 3.399 GC heap before
{Heap before GC invocations=7 (full 0):
 garbage-first heap   total 55296K, used 36896K [0x0000000703000000, 0x0000000800000000)
  region size 2048K, 12 young (24576K), 1 survivors (2048K)
 Metaspace       used 27320K, committed 27648K, reserved 1073152K
  class space    used 3929K, committed 4096K, reserved 1048576K
}
Event: 3.410 GC heap after
{Heap after GC invocations=8 (full 0):
 garbage-first heap   total 55296K, used 16252K [0x0000000703000000, 0x0000000800000000)
  region size 2048K, 2 young (4096K), 2 survivors (4096K)
 Metaspace       used 27320K, committed 27648K, reserved 1073152K
  class space    used 3929K, committed 4096K, reserved 1048576K
}
Event: 3.547 GC heap before
{Heap before GC invocations=8 (full 0):
 garbage-first heap   total 55296K, used 34684K [0x0000000703000000, 0x0000000800000000)
  region size 2048K, 12 young (24576K), 2 survivors (4096K)
 Metaspace       used 29067K, committed 29440K, reserved 1081344K
  class space    used 4102K, committed 4288K, reserved 1048576K
}
Event: 3.556 GC heap after
{Heap after GC invocations=9 (full 0):
 garbage-first heap   total 157696K, used 17332K [0x0000000703000000, 0x0000000800000000)
  region size 2048K, 1 young (2048K), 1 survivors (2048K)
 Metaspace       used 29067K, committed 29440K, reserved 1081344K
  class space    used 4102K, committed 4288K, reserved 1048576K
}
Event: 4.239 GC heap before
{Heap before GC invocations=9 (full 0):
 garbage-first heap   total 157696K, used 72628K [0x0000000703000000, 0x0000000800000000)
  region size 2048K, 30 young (61440K), 1 survivors (2048K)
 Metaspace       used 35635K, committed 35968K, reserved 1081344K
  class space    used 5132K, committed 5312K, reserved 1048576K
}
Event: 4.245 GC heap after
{Heap after GC invocations=10 (full 0):
 garbage-first heap   total 157696K, used 19550K [0x0000000703000000, 0x0000000800000000)
  region size 2048K, 2 young (4096K), 2 survivors (4096K)
 Metaspace       used 35635K, committed 35968K, reserved 1081344K
  class space    used 5132K, committed 5312K, reserved 1048576K
}
Event: 5.191 GC heap before
{Heap before GC invocations=11 (full 0):
 garbage-first heap   total 75776K, used 60510K [0x0000000703000000, 0x0000000800000000)
  region size 2048K, 22 young (45056K), 2 survivors (4096K)
 Metaspace       used 45125K, committed 45568K, reserved 1089536K
  class space    used 6520K, committed 6720K, reserved 1048576K
}
Event: 5.204 GC heap after
{Heap after GC invocations=12 (full 0):
 garbage-first heap   total 75776K, used 22682K [0x0000000703000000, 0x0000000800000000)
  region size 2048K, 3 young (6144K), 3 survivors (6144K)
 Metaspace       used 45125K, committed 45568K, reserved 1089536K
  class space    used 6520K, committed 6720K, reserved 1048576K
}
Event: 5.234 GC heap before
{Heap before GC invocations=12 (full 0):
 garbage-first heap   total 75776K, used 24730K [0x0000000703000000, 0x0000000800000000)
  region size 2048K, 4 young (8192K), 3 survivors (6144K)
 Metaspace       used 45182K, committed 45568K, reserved 1089536K
  class space    used 6532K, committed 6720K, reserved 1048576K
}
Event: 5.245 GC heap after
{Heap after GC invocations=13 (full 0):
 garbage-first heap   total 75776K, used 22813K [0x0000000703000000, 0x0000000800000000)
  region size 2048K, 1 young (2048K), 1 survivors (2048K)
 Metaspace       used 45182K, committed 45568K, reserved 1089536K
  class space    used 6532K, committed 6720K, reserved 1048576K
}
Event: 6.312 GC heap before
{Heap before GC invocations=13 (full 0):
 garbage-first heap   total 75776K, used 55581K [0x0000000703000000, 0x0000000800000000)
  region size 2048K, 17 young (34816K), 1 survivors (2048K)
 Metaspace       used 50874K, committed 51264K, reserved 1097728K
  class space    used 7309K, committed 7488K, reserved 1048576K
}

